[NotebookApp | WARNING] No nbgrader_config.py file found (rerun with --debug to see where nbgrader is looking)
[NotebookApp | INFO] Loading the validate_assignment nbgrader serverextension
[NotebookApp | INFO] Serving notebooks from local directory: /home/kkuma12s/thesis/Proof_Extraction/data/fever/3-class
[NotebookApp | INFO] The Jupyter Notebook is running at:
[NotebookApp | INFO] http://localhost:8890/?token=b97806125e34c319ff187bf3d9fde9fb7ef2d81fc9b94eda
[NotebookApp | INFO] Use Control-C to stop this server and shut down all kernels (twice to skip confirmation).
[NotebookApp | CRITICAL] 
    
    To access the notebook, open this file in a browser:
        file:///run/user/2707/jupyter/nbserver-41658-open.html
    Or copy and paste one of these URLs:
        http://localhost:8890/?token=b97806125e34c319ff187bf3d9fde9fb7ef2d81fc9b94eda
[NotebookApp | INFO] 302 GET / (::1) 1.49ms
[NotebookApp | INFO] 302 GET /tree? (::1) 1.79ms
[NotebookApp | INFO] 302 POST /login?next=%2Ftree%3F (::1) 2.10ms
[NotebookApp | INFO] Creating new notebook in 
[NotebookApp | INFO] Kernel started: a0f8b258-405d-4034-9fba-a4c537a06093
[NotebookApp | INFO] Adapting to protocol v5.1 for kernel a0f8b258-405d-4034-9fba-a4c537a06093
[NotebookApp | INFO] Starting buffering for a0f8b258-405d-4034-9fba-a4c537a06093:f01d89d31c0b42a88e575f250353e32f
[NotebookApp | INFO] 302 GET / (::1) 0.89ms
[NotebookApp | INFO] 302 GET /tree? (::1) 1.08ms
[NotebookApp | INFO] 302 POST /login?next=%2Ftree%3F (::1) 2.20ms
[NotebookApp | INFO] Adapting to protocol v5.1 for kernel a0f8b258-405d-4034-9fba-a4c537a06093
[NotebookApp | INFO] Saving file at /Untitled.ipynb
[NotebookApp | INFO] Saving file at /Untitled.ipynb
[NotebookApp | INFO] 302 GET /tree? (::1) 1.16ms
[NotebookApp | INFO] Saving file at /Untitled.ipynb
[NotebookApp | INFO] Saving file at /Untitled.ipynb
[NotebookApp | INFO] Saving file at /Untitled.ipynb
[NotebookApp | INFO] Saving file at /Untitled.ipynb
[NotebookApp | INFO] Saving file at /Untitled.ipynb
[NotebookApp | INFO] Saving file at /Untitled.ipynb
[NotebookApp | INFO] Saving file at /Untitled.ipynb
[NotebookApp | INFO] Saving file at /Untitled.ipynb
[NotebookApp | INFO] Starting buffering for a0f8b258-405d-4034-9fba-a4c537a06093:7e73efa5cb8f41ec8e1e5deecee12f8d
[NotebookApp | CRITICAL] received signal 15, stopping
[NotebookApp | INFO] Shutting down 1 kernel
[NotebookApp | INFO] Kernel shutdown: a0f8b258-405d-4034-9fba-a4c537a06093
